<?xml version="1.0" encoding="UTF-8"?>
<testng-results ignored="0" total="1" passed="1" failed="0" skipped="0">
  <reporter-output>
  </reporter-output>
  <suite started-at="2023-11-29T10:53:31 IST" name="Surefire suite" finished-at="2023-11-29T10:53:32 IST" duration-ms="38">
    <groups>
    </groups>
    <test started-at="2023-11-29T10:53:31 IST" name="Surefire test" finished-at="2023-11-29T10:53:32 IST" duration-ms="38">
      <class name="com.PilotProject.SportsJam.AppTest">
        <test-method signature="testApp()" started-at="2023-11-29T10:53:32 IST" name="testApp" finished-at="2023-11-29T10:53:32 IST" duration-ms="10" status="PASS">
          <reporter-output>
          </reporter-output>
        </test-method> <!-- testApp -->
      </class> <!-- com.PilotProject.SportsJam.AppTest -->
    </test> <!-- Surefire test -->
  </suite> <!-- Surefire suite -->
</testng-results>
