<?xml version="1.0" encoding="UTF-8"?>
<testsuite xmlns:xsi="http://www.w3.org/2001/XMLSchema-instance" xsi:noNamespaceSchemaLocation="https://maven.apache.org/surefire/maven-surefire-plugin/xsd/surefire-test-report-3.0.xsd" version="3.0" name="TestSuite" time="69.57" tests="9" errors="0" skipped="0" failures="0">
  <properties>
[...]
</properties>
  <testcase name="runScenario[&quot;Looking for product, sorting it and adding filters&quot;, &quot;To select a product and use filters to see if the product gets sorted and displays only limited products&quot;](1)" classname="com.Runner.TestAllRunner" time="22.764">
    <system-out><![CDATA[Count of products diplayed = 7
Product Name :Giant Revel 3 Hardtail Mountain Bike
Product Name :Giant Revel 2 Hardtail Mountain Bike
Product Name :Giant Revel Street Hardtail Mountain Bike
Product Name :Giant ATX Elite 1 Mountain Bike
Product Name :Giant SCR 2 On-Road Bike
Product Name :Giant Escape 3 Hybrid Bike
Product Name :Giant Split 2 Bike
]]></system-out>
    <system-err><![CDATA[SLF4J: Failed to load class "org.slf4j.impl.StaticLoggerBinder".
SLF4J: Defaulting to no-operation (NOP) logger implementation
SLF4J: See http://www.slf4j.org/codes.html#StaticLoggerBinder for further details.
Nov 29, 2023 10:52:38 AM org.openqa.selenium.devtools.CdpVersionFinder findNearestMatch
WARNING: Unable to find an exact match for CDP version 119, returning the closest version; found: 118; Please update to a Selenium version that supports CDP version 119
]]></system-err>
  </testcase>
  <testcase name="runScenario[&quot;User clicking About us&quot;, &quot;Get to know us in SportsJam&quot;](2)" classname="com.Runner.TestAllRunner" time="4.068"/>
  <testcase name="runScenario[&quot;User clicking contact us&quot;, &quot;Get to know us in SportsJam&quot;](3)" classname="com.Runner.TestAllRunner" time="2.285"/>
  <testcase name="runScenario[&quot;User clicking inqury/feedback&quot;, &quot;Get to know us in SportsJam&quot;](4)" classname="com.Runner.TestAllRunner" time="1.685"/>
  <testcase name="runScenario[&quot;User clicking sportsjam team&quot;, &quot;Get to know us in SportsJam&quot;](5)" classname="com.Runner.TestAllRunner" time="1.402"/>
  <testcase name="runScenario[&quot;User logins to the web application with valid credentials&quot;, &quot;Checking the login functionality of the sportsjam web application&quot;](6)" classname="com.Runner.TestAllRunner" time="3.361"/>
  <testcase name="runScenario[&quot;User logins to the web application with Invalid credentials&quot;, &quot;Checking the login functionality of the sportsjam web application&quot;](7)" classname="com.Runner.TestAllRunner" time="1.411"/>
  <testcase name="runScenario[&quot;User uses the forgot password feature to recover their password&quot;, &quot;Checking the login functionality of the sportsjam web application&quot;](8)" classname="com.Runner.TestAllRunner" time="7.025"/>
  <testcase name="testApp on testApp(com.PilotProject.SportsJam.AppTest)" classname="com.PilotProject.SportsJam.AppTest" time="0.001">
    <system-err><![CDATA[Nov 29, 2023 10:53:18 AM tech.grasshopper.pdf.PDFCucumberReport collectReportConfiguration
INFO: PDF report configuration YAML file not found. Using default settings.
]]></system-err>
  </testcase>
</testsuite>